<?xml version="1.0" encoding="UTF-8"?>
<!-- Generated by org.testng.reporters.JUnitXMLReporter -->
<testsuite ignored="0" hostname="NSL-6578" failures="3" tests="5" name="Test" time="11.283" errors="0" timestamp="2022-06-27T15:12:46 IST">
  <testcase classname="base.TestSctript" name="searching_products" time="0.577"/>
  <testcase classname="base.TestSctript" name="searching_products" time="0.358">
    <failure type="java.lang.AssertionError" message="expected [Online Shopping Site for Fashion, Electronics, Home &amp;amp; More | Meesho] but found [Buy Watches Online at best prices at Meesho]">
      <![CDATA[java.lang.AssertionError: expected [Online Shopping Site for Fashion, Electronics, Home & More | Meesho] but found [Buy Watches Online at best prices at Meesho]
at pages.Common.assertTitle(Common.java:42)
at base.TestSctript.searching_products(TestSctript.java:20)
at java.base/java.util.ArrayList.forEach(ArrayList.java:1511)
... Removed 31 stack frames]]>
    </failure>
  </testcase> <!-- searching_products -->
  <testcase classname="base.TestSctript" name="searching_products" time="0.073">
    <failure type="java.lang.AssertionError" message="expected [Online Shopping Site for Fashion, Electronics, Home &amp;amp; More | Meesho] but found [Buy Watches Online at best prices at Meesho]">
      <![CDATA[java.lang.AssertionError: expected [Online Shopping Site for Fashion, Electronics, Home & More | Meesho] but found [Buy Watches Online at best prices at Meesho]
at pages.Common.assertTitle(Common.java:42)
at base.TestSctript.searching_products(TestSctript.java:20)
at java.base/java.util.ArrayList.forEach(ArrayList.java:1511)
... Removed 31 stack frames]]>
    </failure>
  </testcase> <!-- searching_products -->
  <testcase classname="base.TestSctript" name="searching_products" time="0.053">
    <failure type="java.lang.AssertionError" message="expected [Online Shopping Site for Fashion, Electronics, Home &amp;amp; More | Meesho] but found [Buy Watches Online at best prices at Meesho]">
      <![CDATA[java.lang.AssertionError: expected [Online Shopping Site for Fashion, Electronics, Home & More | Meesho] but found [Buy Watches Online at best prices at Meesho]
at pages.Common.assertTitle(Common.java:42)
at base.TestSctript.searching_products(TestSctript.java:20)
at java.base/java.util.ArrayList.forEach(ArrayList.java:1511)
... Removed 31 stack frames]]>
    </failure>
  </testcase> <!-- searching_products -->
  <testcase classname="base.TestSctript" name="Homepage" time="2.107"/>
</testsuite> <!-- Test -->
