<!DOCTYPE html PUBLIC "-//W3C//DTD XHTML 1.1//EN" "https://www.w3.org/TR/xhtml11/DTD/xhtml11.dtd">
<html xmlns="https://www.w3.org/1999/xhtml">
<head>
<meta http-equiv="content-type" content="text/html; charset=UTF-8"/>
<title>TestNG Report</title>
<style type="text/css">table {margin-bottom:10px;border-collapse:collapse;empty-cells:show}th,td {border:1px solid #009;padding:.25em .5em}th {vertical-align:bottom}td {vertical-align:top}table a {font-weight:bold}.stripe td {background-color: #E6EBF9}.num {text-align:right}.passedodd td {background-color: #3F3}.passedeven td {background-color: #0A0}.skippedodd td {background-color: #DDD}.skippedeven td {background-color: #CCC}.failedodd td,.attn {background-color: #F33}.failedeven td,.stripe .attn {background-color: #D00}.stacktrace {white-space:pre;font-family:monospace}.totop {font-size:85%;text-align:center;border-bottom:2px solid #000}.invisible {display:none}</style>
</head>
<body>
<table>
<tr><th>Test</th><th># Passed</th><th># Skipped</th><th># Retried</th><th># Failed</th><th>Time (ms)</th><th>Included Groups</th><th>Excluded Groups</th></tr>
<tr><th colspan="8">Suite</th></tr>
<tr><td><a href="#t0">Test</a></td><td class="num">2</td><td class="num">0</td><td class="num">0</td><td class="num attn">3</td><td class="num">11,283</td><td></td><td></td></tr>
<tr class="stripe"><td><a href="#t1">Test2</a></td><td class="num">2</td><td class="num">0</td><td class="num">0</td><td class="num attn">3</td><td class="num">10,562</td><td></td><td></td></tr>
<tr><th>Total</th><th class="num">4</th><th class="num">0</th><th class="num">0</th><th class="num attn">6</th><th class="num">21,845</th><th colspan="2"></th></tr>
</table>
<table id='summary'><thead><tr><th>Class</th><th>Method</th><th>Start</th><th>Time (ms)</th></tr></thead><tbody><tr><th colspan="4">Suite</th></tr></tbody><tbody id="t0"><tr><th colspan="4">Test &#8212; failed</th></tr><tr class="failedeven"><td rowspan="3">base.TestSctript</td><td><a href="#m0">searching_products</a></td><td rowspan="3">1656322963465</td><td rowspan="3">73</td></tr><tr class="failedeven"><td><a href="#m1">searching_products</a></td></tr><tr class="failedeven"><td><a href="#m2">searching_products</a></td></tr><tr><th colspan="4">Test &#8212; passed</th></tr><tr class="passedeven"><td rowspan="2">base.TestSctript</td><td><a href="#m3">Homepage</a></td><td rowspan="1">1656322964328</td><td rowspan="1">2107</td></tr><tr class="passedeven"><td><a href="#m4">searching_products</a></td><td rowspan="1">1656322962319</td><td rowspan="1">577</td></tr></tbody>
<tbody id="t1"><tr><th colspan="4">Test2 &#8212; failed</th></tr><tr class="failedeven"><td rowspan="3">base.TestSctript</td><td><a href="#m5">searching_products</a></td><td rowspan="3">1656322974848</td><td rowspan="3">52</td></tr><tr class="failedeven"><td><a href="#m6">searching_products</a></td></tr><tr class="failedeven"><td><a href="#m7">searching_products</a></td></tr><tr><th colspan="4">Test2 &#8212; passed</th></tr><tr class="passedeven"><td rowspan="2">base.TestSctript</td><td><a href="#m8">Homepage</a></td><td rowspan="1">1656322975071</td><td rowspan="1">2370</td></tr><tr class="passedeven"><td><a href="#m9">searching_products</a></td><td rowspan="1">1656322973527</td><td rowspan="1">549</td></tr></tbody>
</table>
<h2>Test</h2><h3 id="m0">base.TestSctript#searching_products</h3><table class="result"><tr class="param"><th>Parameter #1</th></tr><tr class="param stripe"><td>Kurti</td></tr><tr><th>Exception</th></tr><tr><td><div class="stacktrace">java.lang.AssertionError: expected [Online Shopping Site for Fashion, Electronics, Home &amp; More | Meesho] but found [Buy Watches Online at best prices at Meesho]
	at pages.Common.assertTitle(Common.java:42)
	at base.TestSctript.searching_products(TestSctript.java:20)
	at java.base/java.util.ArrayList.forEach(ArrayList.java:1511)
... Removed 31 stack frames</div></td></tr></table><p class="totop"><a href="#summary">back to summary</a></p>
<h3 id="m1">base.TestSctript#searching_products</h3><table class="result"><tr class="param"><th>Parameter #1</th></tr><tr class="param stripe"><td>Caps</td></tr><tr><th>Exception</th></tr><tr><td><div class="stacktrace">java.lang.AssertionError: expected [Online Shopping Site for Fashion, Electronics, Home &amp; More | Meesho] but found [Buy Watches Online at best prices at Meesho]
	at pages.Common.assertTitle(Common.java:42)
	at base.TestSctript.searching_products(TestSctript.java:20)
	at java.base/java.util.ArrayList.forEach(ArrayList.java:1511)
... Removed 31 stack frames</div></td></tr></table><p class="totop"><a href="#summary">back to summary</a></p>
<h3 id="m2">base.TestSctript#searching_products</h3><table class="result"><tr class="param"><th>Parameter #1</th></tr><tr class="param stripe"><td>Saree</td></tr><tr><th>Exception</th></tr><tr><td><div class="stacktrace">java.lang.AssertionError: expected [Online Shopping Site for Fashion, Electronics, Home &amp; More | Meesho] but found [Buy Watches Online at best prices at Meesho]
	at pages.Common.assertTitle(Common.java:42)
	at base.TestSctript.searching_products(TestSctript.java:20)
	at java.base/java.util.ArrayList.forEach(ArrayList.java:1511)
... Removed 31 stack frames</div></td></tr></table><p class="totop"><a href="#summary">back to summary</a></p>
<h3 id="m3">base.TestSctript#Homepage</h3><table class="result"><tr><th class="invisible"/></tr></table><p class="totop"><a href="#summary">back to summary</a></p>
<h3 id="m4">base.TestSctript#searching_products</h3><table class="result"><tr class="param"><th>Parameter #1</th></tr><tr class="param stripe"><td>Watches</td></tr></table><p class="totop"><a href="#summary">back to summary</a></p>
<h2>Test2</h2><h3 id="m5">base.TestSctript#searching_products</h3><table class="result"><tr class="param"><th>Parameter #1</th></tr><tr class="param stripe"><td>Saree</td></tr><tr><th>Exception</th></tr><tr><td><div class="stacktrace">java.lang.AssertionError: expected [Online Shopping Site for Fashion, Electronics, Home &amp; More | Meesho] but found [Buy Watches Online at best prices at Meesho]
	at pages.Common.assertTitle(Common.java:42)
	at base.TestSctript.searching_products(TestSctript.java:20)
	at java.base/java.util.ArrayList.forEach(ArrayList.java:1511)
... Removed 31 stack frames</div></td></tr></table><p class="totop"><a href="#summary">back to summary</a></p>
<h3 id="m6">base.TestSctript#searching_products</h3><table class="result"><tr class="param"><th>Parameter #1</th></tr><tr class="param stripe"><td>Caps</td></tr><tr><th>Exception</th></tr><tr><td><div class="stacktrace">org.openqa.selenium.StaleElementReferenceException: stale element reference: element is not attached to the page document
  (Session info: MicrosoftEdge=103.0.1264.37)
For documentation on this error, please visit: http://seleniumhq.org/exceptions/stale_element_reference.html
Build info: version: &apos;3.8.1&apos;, revision: &apos;6e95a6684b&apos;, time: &apos;2017-12-01T18:33:54.468Z&apos;
System info: host: &apos;NSL-6578&apos;, ip: &apos;10.95.1.46&apos;, os.name: &apos;Windows 11&apos;, os.arch: &apos;amd64&apos;, os.version: &apos;10.0&apos;, java.version: &apos;18&apos;
Driver info: org.openqa.selenium.edge.EdgeDriver
Capabilities {acceptInsecureCerts: false, browserName: msedge, browserVersion: 103.0.1264.37, javascriptEnabled: true, ms:edgeOptions: {debuggerAddress: localhost:51608}, msedge: {msedgedriverVersion: 102.0.1245.33 (41285f1c5672..., userDataDir: C:\Users\KATYAY~1\AppData\L...}, networkConnectionEnabled: false, pageLoadStrategy: normal, platform: WINDOWS, platformName: WINDOWS, proxy: Proxy(), setWindowRect: true, strictFileInteractability: false, timeouts: {implicit: 0, pageLoad: 300000, script: 30000}, unhandledPromptBehavior: dismiss and notify, webauthn:extension:credBlob: true, webauthn:extension:largeBlob: true, webauthn:virtualAuthenticators: true}
Session ID: 032195e0160251366422f872b9f9fa6a
	at org.openqa.selenium.remote.http.W3CHttpResponseCodec.createException(W3CHttpResponseCodec.java:187)
	at org.openqa.selenium.remote.http.W3CHttpResponseCodec.decode(W3CHttpResponseCodec.java:122)
	at org.openqa.selenium.remote.http.W3CHttpResponseCodec.decode(W3CHttpResponseCodec.java:49)
	at org.openqa.selenium.remote.HttpCommandExecutor.execute(HttpCommandExecutor.java:164)
	at org.openqa.selenium.remote.service.DriverCommandExecutor.execute(DriverCommandExecutor.java:83)
	at org.openqa.selenium.remote.RemoteWebDriver.execute(RemoteWebDriver.java:601)
	at org.openqa.selenium.remote.RemoteWebElement.execute(RemoteWebElement.java:279)
	at org.openqa.selenium.remote.RemoteWebElement.sendKeys(RemoteWebElement.java:100)
	at pages.Common.searchProduct(Common.java:33)
	at base.TestSctript.searching_products(TestSctript.java:21)
	at java.base/java.util.ArrayList.forEach(ArrayList.java:1511)
... Removed 28 stack frames</div></td></tr></table><p class="totop"><a href="#summary">back to summary</a></p>
<h3 id="m7">base.TestSctript#searching_products</h3><table class="result"><tr class="param"><th>Parameter #1</th></tr><tr class="param stripe"><td>Kurti</td></tr><tr><th>Exception</th></tr><tr><td><div class="stacktrace">java.lang.AssertionError: expected [Online Shopping Site for Fashion, Electronics, Home &amp; More | Meesho] but found [Buy Watches Online at best prices at Meesho]
	at pages.Common.assertTitle(Common.java:42)
	at base.TestSctript.searching_products(TestSctript.java:20)
	at java.base/java.util.ArrayList.forEach(ArrayList.java:1511)
... Removed 31 stack frames</div></td></tr></table><p class="totop"><a href="#summary">back to summary</a></p>
<h3 id="m8">base.TestSctript#Homepage</h3><table class="result"><tr><th class="invisible"/></tr></table><p class="totop"><a href="#summary">back to summary</a></p>
<h3 id="m9">base.TestSctript#searching_products</h3><table class="result"><tr class="param"><th>Parameter #1</th></tr><tr class="param stripe"><td>Watches</td></tr></table><p class="totop"><a href="#summary">back to summary</a></p>
</body>
</html>
